<?xml version="1.0" encoding="UTF-8"?>
<testsuite name="MyCalciteConnectionTest" tests="1" skipped="0" failures="0" errors="0" timestamp="2024-03-22T14:06:06" hostname="Avadhesh" time="2.107">
  <properties/>
  <testcase name="testSFW" classname="MyCalciteConnectionTest" time="2.107"/>
  <system-out><![CDATA[Loading file: film_category.csv
Done writing file

Loading file: country.csv
Done writing file

Loading file: address.csv
Done writing file

Loading file: city.csv
Done writing file

Loading file: film_actor.csv
Done writing file

Loading file: language.csv
Done writing file

Loading file: staff.csv
Done writing file

Loading file: film.csv
Done writing file

Loading file: store.csv
Done writing file

Loading file: inventory.csv
Done writing file

Loading file: rental.csv
Done writing file

Loading file: actor.csv
Done writing file

Loading file: payment.csv
Done writing file

Loading file: category.csv
Done writing file

Loading file: customer.csv
Done writing file

Done loading files

Creating index on actor_id...

[+] Parsed SQL: 
SELECT *
FROM `ACTOR`
WHERE `ACTOR_ID` >= 100

[+] Validated SQL: 
SELECT `actor`.`actor_id`, `actor`.`first_name`, `actor`.`last_name`, `actor`.`last_update`
FROM `FILM_DB`.`actor` AS `ACTOR`
WHERE `actor`.`actor_id` >= 100

[+] Converted SQL: 
rel#4:LogicalProject.NONE(input=LogicalFilter#2,inputs=0..3)

[+] Physical SQL: 
PIndexScan

[+] Evaluating physical SQL
Evaluating PIndexScan for table: actor

Test passed :)

]]></system-out>
  <system-err><![CDATA[]]></system-err>
</testsuite>
